[2019-11-08 09:54:27,114][http-nio-8080-exec-10][ERROR][com.shangshufang.apiservice.service.impl.UniversityAccountServiceImpl:125] org.springframework.dao.DataIntegrityViolationException: 
### Error updating database.  Cause: com.mysql.jdbc.exceptions.jdbc4.MySQLIntegrityConstraintViolationException: Column 'account_role' cannot be null
### The error may exist in file [/Users/zhangqiang/Documents/04-Project/ShangShuFang/SourceCode/shangshufang.apiservice/target/classes/mapping/UniversityAccountMapping.xml]
### The error may involve com.shangshufang.apiservice.mapper.UniversityAccountMapper.insert-Inline
### The error occurred while setting parameters
### SQL: INSERT INTO shangshufang_customer.university_account (       university_code,       school_id,       cellphone,       password,       account_role,       create_user,       update_user     )     VALUES (       ?,       ?,       ?,       ?,       ?,       ?,       ?     )
### Cause: com.mysql.jdbc.exceptions.jdbc4.MySQLIntegrityConstraintViolationException: Column 'account_role' cannot be null
; SQL []; Column 'account_role' cannot be null; nested exception is com.mysql.jdbc.exceptions.jdbc4.MySQLIntegrityConstraintViolationException: Column 'account_role' cannot be null
[2019-11-08 09:54:33,267][http-nio-8080-exec-9][ERROR][com.shangshufang.apiservice.service.impl.UniversityAccountServiceImpl:125] org.springframework.dao.DataIntegrityViolationException: 
### Error updating database.  Cause: com.mysql.jdbc.exceptions.jdbc4.MySQLIntegrityConstraintViolationException: Column 'account_role' cannot be null
### The error may exist in file [/Users/zhangqiang/Documents/04-Project/ShangShuFang/SourceCode/shangshufang.apiservice/target/classes/mapping/UniversityAccountMapping.xml]
### The error may involve com.shangshufang.apiservice.mapper.UniversityAccountMapper.insert-Inline
### The error occurred while setting parameters
### SQL: INSERT INTO shangshufang_customer.university_account (       university_code,       school_id,       cellphone,       password,       account_role,       create_user,       update_user     )     VALUES (       ?,       ?,       ?,       ?,       ?,       ?,       ?     )
### Cause: com.mysql.jdbc.exceptions.jdbc4.MySQLIntegrityConstraintViolationException: Column 'account_role' cannot be null
; SQL []; Column 'account_role' cannot be null; nested exception is com.mysql.jdbc.exceptions.jdbc4.MySQLIntegrityConstraintViolationException: Column 'account_role' cannot be null
[2019-11-08 10:06:55,216][http-nio-8080-exec-10][ERROR][com.shangshufang.apiservice.service.impl.UniversityAccountServiceImpl:125] org.springframework.dao.DataIntegrityViolationException: 
### Error updating database.  Cause: com.mysql.jdbc.MysqlDataTruncation: Data truncation: Incorrect date value: '' for column 'birth' at row 1
### The error may exist in file [/Users/zhangqiang/Documents/04-Project/ShangShuFang/SourceCode/shangshufang.apiservice/target/classes/mapping/UniversityCustomerMapping.xml]
### The error may involve com.shangshufang.apiservice.mapper.UniversityCustomerMapper.insert-Inline
### The error occurred while setting parameters
### SQL: INSERT INTO shangshufang_customer.university_customer (       university_code,       school_id,       full_name,       sex,       birth,       cellphone,       email,       photo,       create_user,       update_user     )     VALUES (       ?,       ?,       ?,       ?,       ?,       ?,       ?,       ?,       ?,       ?     )
### Cause: com.mysql.jdbc.MysqlDataTruncation: Data truncation: Incorrect date value: '' for column 'birth' at row 1
; SQL []; Data truncation: Incorrect date value: '' for column 'birth' at row 1; nested exception is com.mysql.jdbc.MysqlDataTruncation: Data truncation: Incorrect date value: '' for column 'birth' at row 1
[2019-11-08 10:14:07,469][http-nio-8080-exec-9][ERROR][com.shangshufang.apiservice.service.impl.UniversityAccountServiceImpl:125] org.springframework.dao.DuplicateKeyException: 
### Error updating database.  Cause: com.mysql.jdbc.exceptions.jdbc4.MySQLIntegrityConstraintViolationException: Duplicate entry '15249133228' for key 'university_account_unique_cellphone'
### The error may exist in file [/Users/zhangqiang/Documents/04-Project/ShangShuFang/SourceCode/shangshufang.apiservice/target/classes/mapping/UniversityAccountMapping.xml]
### The error may involve com.shangshufang.apiservice.mapper.UniversityAccountMapper.insert-Inline
### The error occurred while setting parameters
### SQL: INSERT INTO shangshufang_customer.university_account (       university_code,       school_id,       cellphone,       password,       account_role,       create_user,       update_user     )     VALUES (       ?,       ?,       ?,       ?,       ?,       ?,       ?     )
### Cause: com.mysql.jdbc.exceptions.jdbc4.MySQLIntegrityConstraintViolationException: Duplicate entry '15249133228' for key 'university_account_unique_cellphone'
; SQL []; Duplicate entry '15249133228' for key 'university_account_unique_cellphone'; nested exception is com.mysql.jdbc.exceptions.jdbc4.MySQLIntegrityConstraintViolationException: Duplicate entry '15249133228' for key 'university_account_unique_cellphone'
[2019-11-08 10:23:20,719][http-nio-8080-exec-5][ERROR][com.shangshufang.apiservice.service.impl.UniversityAccountServiceImpl:125] org.springframework.dao.DuplicateKeyException: 
### Error updating database.  Cause: com.mysql.jdbc.exceptions.jdbc4.MySQLIntegrityConstraintViolationException: Duplicate entry '15249133228' for key 'university_account_unique_cellphone'
### The error may exist in file [/Users/zhangqiang/Documents/04-Project/ShangShuFang/SourceCode/shangshufang.apiservice/target/classes/mapping/UniversityAccountMapping.xml]
### The error may involve com.shangshufang.apiservice.mapper.UniversityAccountMapper.insert-Inline
### The error occurred while setting parameters
### SQL: INSERT INTO shangshufang_customer.university_account (       university_code,       school_id,       cellphone,       password,       account_role,       create_user,       update_user     )     VALUES (       ?,       ?,       ?,       ?,       ?,       ?,       ?     )
### Cause: com.mysql.jdbc.exceptions.jdbc4.MySQLIntegrityConstraintViolationException: Duplicate entry '15249133228' for key 'university_account_unique_cellphone'
; SQL []; Duplicate entry '15249133228' for key 'university_account_unique_cellphone'; nested exception is com.mysql.jdbc.exceptions.jdbc4.MySQLIntegrityConstraintViolationException: Duplicate entry '15249133228' for key 'university_account_unique_cellphone'
[2019-11-08 10:27:51,650][http-nio-8080-exec-4][ERROR][com.shangshufang.apiservice.service.impl.UniversityAccountServiceImpl:48] org.springframework.dao.DataIntegrityViolationException: 
### Error querying database.  Cause: com.mysql.jdbc.exceptions.jdbc4.MySQLIntegrityConstraintViolationException: Column 'university_code' in where clause is ambiguous
### The error may exist in file [/Users/zhangqiang/Documents/04-Project/ShangShuFang/SourceCode/shangshufang.apiservice/target/classes/mapping/UniversityAccountMapping.xml]
### The error may involve defaultParameterMap
### The error occurred while setting parameters
### SQL: SELECT       A.account_id,       A.university_code,       B.university_name,       A.school_id,       C.school_name,       A.cellphone,       A.account_role,       D.full_name,       D.email,       A.data_status,       CASE WHEN A.data_status = 'A' THEN '正常'           WHEN A.data_status = 'D' THEN '冻结'       ELSE '未知数据状态'       END AS data_status_text,       E.admin_name AS create_user,       DATE_FORMAT(A.create_time, '%Y-%m-%d %H:%i:%s') AS create_time,       F.admin_name AS update_user,       DATE_FORMAT(A.update_time, '%Y-%m-%d %H:%i:%s') AS update_time     FROM shangshufang_customer.university_account A     INNER JOIN shangshufang_customer.university B     ON A.university_code = B.university_code     INNER JOIN shangshufang_customer.school C     ON A.university_code = C.university_code     AND A.school_id = C.school_id     INNER JOIN shangshufang_customer.university_customer D     ON A.university_code = D.university_code     AND A.school_id = D.school_id     AND A.cellphone = D.cellphone     INNER JOIN shangshufang_base.system_admin E     ON A.create_user = E.admin_id     INNER JOIN shangshufang_base.system_admin F     ON A.update_user = F.admin_id     WHERE 1=1             AND university_code = ?                 ORDER BY A.university_code, A.school_id, A.update_time DESC     LIMIT ?, ?;
### Cause: com.mysql.jdbc.exceptions.jdbc4.MySQLIntegrityConstraintViolationException: Column 'university_code' in where clause is ambiguous
; SQL []; Column 'university_code' in where clause is ambiguous; nested exception is com.mysql.jdbc.exceptions.jdbc4.MySQLIntegrityConstraintViolationException: Column 'university_code' in where clause is ambiguous
[2019-11-08 11:42:47,971][http-nio-8080-exec-3][ERROR][com.shangshufang.apiservice.service.impl.UniversityAccountServiceImpl:99] org.mybatis.spring.MyBatisSystemException: nested exception is org.apache.ibatis.binding.BindingException: Parameter 'universityCode' not found. Available parameters are [arg2, arg1, arg0, param3, param1, param2]
[2019-11-08 11:50:16,041][http-nio-8080-exec-6][ERROR][com.shangshufang.apiservice.service.impl.UniversityAccountServiceImpl:100] org.mybatis.spring.MyBatisSystemException: nested exception is org.apache.ibatis.binding.BindingException: Parameter 'universityCode' not found. Available parameters are [arg2, arg1, arg0, param3, param1, param2]
[2019-11-08 11:51:29,024][http-nio-8080-exec-5][ERROR][com.shangshufang.apiservice.service.impl.UniversityAccountServiceImpl:100] org.mybatis.spring.MyBatisSystemException: nested exception is org.apache.ibatis.binding.BindingException: Parameter 'universityCode' not found. Available parameters are [arg2, arg1, arg0, param3, param1, param2]
